[0m02:29:45.357597 [debug] [MainThread]: Sending event: {'category': 'dbt', 'action': 'invocation', 'label': 'start', 'context': [<snowplow_tracker.self_describing_json.SelfDescribingJson object at 0x7979218b6ad0>, <snowplow_tracker.self_describing_json.SelfDescribingJson object at 0x797921befc40>, <snowplow_tracker.self_describing_json.SelfDescribingJson object at 0x797921befca0>]}


============================== 02:29:45.359721 | 99d94bea-bc4c-471e-9b7a-a22e40b13d88 ==============================
[0m02:29:45.359721 [info ] [MainThread]: Running with dbt=1.8.6
[0m02:29:45.360208 [debug] [MainThread]: running dbt with arguments {'printer_width': '80', 'indirect_selection': 'eager', 'log_cache_events': 'False', 'write_json': 'True', 'partial_parse': 'True', 'cache_selected_only': 'False', 'profiles_dir': '/home/samson/.dbt', 'debug': 'False', 'warn_error': 'None', 'log_path': 'logs', 'fail_fast': 'False', 'version_check': 'True', 'use_colors': 'True', 'use_experimental_parser': 'False', 'no_print': 'None', 'quiet': 'False', 'empty': 'None', 'log_format': 'default', 'invocation_command': 'dbt init bigQueyEDW', 'static_parser': 'True', 'introspect': 'True', 'target_path': 'None', 'warn_error_options': 'WarnErrorOptions(include=[], exclude=[])', 'send_anonymous_usage_stats': 'True'}
[0m02:29:45.366240 [debug] [MainThread]: Starter project path: /home/samson/anaconda3/envs/dbtBigQuery/lib/python3.10/site-packages/dbt/include/starter_project
[0m02:29:45.368334 [info ] [MainThread]: 
Your new dbt project "bigQueyEDW" was created!

For more information on how to configure the profiles.yml file,
please consult the dbt documentation here:

  https://docs.getdbt.com/docs/configure-your-profile

One more thing:

Need help? Don't hesitate to reach out to us via GitHub issues or on Slack:

  https://community.getdbt.com/

Happy modeling!

[0m02:29:45.368788 [info ] [MainThread]: Setting up your profile.
[0m02:34:10.970498 [info ] [MainThread]: Profile bigQueyEDW written to /home/samson/.dbt/profiles.yml using target's profile_template.yml and your supplied values. Run 'dbt debug' to validate the connection.
[0m02:34:10.976557 [debug] [MainThread]: Resource report: {"command_name": "init", "command_success": true, "command_wall_clock_time": 265.66562, "process_user_time": 1.988487, "process_kernel_time": 0.116501, "process_mem_max_rss": "190920", "process_in_blocks": "112", "process_out_blocks": "80"}
[0m02:34:10.979420 [debug] [MainThread]: Command `dbt init` succeeded at 02:34:10.978929 after 265.67 seconds
[0m02:34:10.981526 [debug] [MainThread]: Sending event: {'category': 'dbt', 'action': 'invocation', 'label': 'end', 'context': [<snowplow_tracker.self_describing_json.SelfDescribingJson object at 0x7979218b6ad0>, <snowplow_tracker.self_describing_json.SelfDescribingJson object at 0x797921befb50>, <snowplow_tracker.self_describing_json.SelfDescribingJson object at 0x797921becfd0>]}
[0m02:34:10.983717 [debug] [MainThread]: Flushing usage events
[0m02:36:49.164129 [debug] [MainThread]: Sending event: {'category': 'dbt', 'action': 'invocation', 'label': 'start', 'context': [<snowplow_tracker.self_describing_json.SelfDescribingJson object at 0x7819d737aa70>, <snowplow_tracker.self_describing_json.SelfDescribingJson object at 0x7819d76dfca0>, <snowplow_tracker.self_describing_json.SelfDescribingJson object at 0x7819d76dfd00>]}


============================== 02:36:49.166339 | b42053b9-f8da-4b25-92a2-dfdf73374b7e ==============================
[0m02:36:49.166339 [info ] [MainThread]: Running with dbt=1.8.6
[0m02:36:49.166948 [debug] [MainThread]: running dbt with arguments {'printer_width': '80', 'indirect_selection': 'eager', 'log_cache_events': 'False', 'write_json': 'True', 'partial_parse': 'True', 'cache_selected_only': 'False', 'profiles_dir': '/home/samson/.dbt', 'debug': 'False', 'warn_error': 'None', 'log_path': 'logs', 'version_check': 'True', 'fail_fast': 'False', 'use_colors': 'True', 'use_experimental_parser': 'False', 'no_print': 'None', 'quiet': 'False', 'empty': 'None', 'warn_error_options': 'WarnErrorOptions(include=[], exclude=[])', 'static_parser': 'True', 'invocation_command': 'dbt debug', 'introspect': 'True', 'target_path': 'None', 'log_format': 'default', 'send_anonymous_usage_stats': 'True'}
[0m02:36:49.172485 [info ] [MainThread]: dbt version: 1.8.6
[0m02:36:49.173098 [info ] [MainThread]: python version: 3.10.14
[0m02:36:49.173453 [info ] [MainThread]: python path: /home/samson/anaconda3/envs/dbtBigQuery/bin/python
[0m02:36:49.173903 [info ] [MainThread]: os info: Linux-6.8.0-41-generic-x86_64-with-glibc2.39
[0m02:36:49.178910 [info ] [MainThread]: Error importing adapter: No module named 'dbt.adapters.sqlserver'
[0m02:36:49.631938 [info ] [MainThread]: Using profiles dir at /home/samson/.dbt
[0m02:36:49.632400 [info ] [MainThread]: Using profiles.yml file at /home/samson/.dbt/profiles.yml
[0m02:36:49.632743 [info ] [MainThread]: Using dbt_project.yml file at /home/samson/Desktop/my_sandbox/Engineering/DBT/BigQuey/dbt_project.yml
[0m02:36:49.633083 [info ] [MainThread]: Configuration:
[0m02:36:49.633406 [info ] [MainThread]:   profiles.yml file [[31mERROR invalid[0m]
[0m02:36:49.633734 [info ] [MainThread]:   dbt_project.yml file [[31mERROR not found[0m]
[0m02:36:49.634054 [info ] [MainThread]: Required dependencies:
[0m02:36:49.634386 [debug] [MainThread]: Executing "git --help"
[0m02:36:49.635864 [debug] [MainThread]: STDOUT: "b"usage: git [-v | --version] [-h | --help] [-C <path>] [-c <name>=<value>]\n           [--exec-path[=<path>]] [--html-path] [--man-path] [--info-path]\n           [-p | --paginate | -P | --no-pager] [--no-replace-objects] [--bare]\n           [--git-dir=<path>] [--work-tree=<path>] [--namespace=<name>]\n           [--config-env=<name>=<envvar>] <command> [<args>]\n\nThese are common Git commands used in various situations:\n\nstart a working area (see also: git help tutorial)\n   clone     Clone a repository into a new directory\n   init      Create an empty Git repository or reinitialize an existing one\n\nwork on the current change (see also: git help everyday)\n   add       Add file contents to the index\n   mv        Move or rename a file, a directory, or a symlink\n   restore   Restore working tree files\n   rm        Remove files from the working tree and from the index\n\nexamine the history and state (see also: git help revisions)\n   bisect    Use binary search to find the commit that introduced a bug\n   diff      Show changes between commits, commit and working tree, etc\n   grep      Print lines matching a pattern\n   log       Show commit logs\n   show      Show various types of objects\n   status    Show the working tree status\n\ngrow, mark and tweak your common history\n   branch    List, create, or delete branches\n   commit    Record changes to the repository\n   merge     Join two or more development histories together\n   rebase    Reapply commits on top of another base tip\n   reset     Reset current HEAD to the specified state\n   switch    Switch branches\n   tag       Create, list, delete or verify a tag object signed with GPG\n\ncollaborate (see also: git help workflows)\n   fetch     Download objects and refs from another repository\n   pull      Fetch from and integrate with another repository or a local branch\n   push      Update remote refs along with associated objects\n\n'git help -a' and 'git help -g' list available subcommands and some\nconcept guides. See 'git help <command>' or 'git help <concept>'\nto read about a specific subcommand or concept.\nSee 'git help git' for an overview of the system.\n""
[0m02:36:49.636251 [debug] [MainThread]: STDERR: "b''"
[0m02:36:49.636559 [info ] [MainThread]:  - git [[32mOK found[0m]

[0m02:36:49.636896 [info ] [MainThread]: Connection test skipped since no profile was found
[0m02:36:49.637268 [info ] [MainThread]: [31m2 checks failed:[0m
[0m02:36:49.637646 [info ] [MainThread]: Could not load dbt_project.yml
Profile loading failed for the following reason:
Runtime Error
  Credentials in profile "CockroackEDW", target "dev_sqlserver" invalid: Runtime Error
    Could not find adapter type sqlserver!


[0m02:36:49.637996 [info ] [MainThread]: Project loading failed for the following reason:
 project path </home/samson/Desktop/my_sandbox/Engineering/DBT/BigQuey/dbt_project.yml> not found

[0m02:36:49.638866 [debug] [MainThread]: Resource report: {"command_name": "debug", "command_wall_clock_time": 0.51651925, "process_user_time": 1.881659, "process_kernel_time": 0.083762, "process_mem_max_rss": "192700", "process_out_blocks": "24", "command_success": false, "process_in_blocks": "0"}
[0m02:36:49.639378 [debug] [MainThread]: Command `dbt debug` failed at 02:36:49.639291 after 0.52 seconds
[0m02:36:49.639759 [debug] [MainThread]: Sending event: {'category': 'dbt', 'action': 'invocation', 'label': 'end', 'context': [<snowplow_tracker.self_describing_json.SelfDescribingJson object at 0x7819d737aa70>, <snowplow_tracker.self_describing_json.SelfDescribingJson object at 0x7819d668dc60>, <snowplow_tracker.self_describing_json.SelfDescribingJson object at 0x7819d76e5300>]}
[0m02:36:49.640137 [debug] [MainThread]: Flushing usage events
[0m20:29:48.471819 [debug] [MainThread]: Sending event: {'category': 'dbt', 'action': 'invocation', 'label': 'start', 'context': [<snowplow_tracker.self_describing_json.SelfDescribingJson object at 0x7dd52ab7ac50>, <snowplow_tracker.self_describing_json.SelfDescribingJson object at 0x7dd5292636d0>, <snowplow_tracker.self_describing_json.SelfDescribingJson object at 0x7dd529263730>]}


============================== 20:29:48.473924 | ed355bcd-d755-4479-ba54-f735f7858132 ==============================
[0m20:29:48.473924 [info ] [MainThread]: Running with dbt=1.8.6
[0m20:29:48.474394 [debug] [MainThread]: running dbt with arguments {'printer_width': '80', 'indirect_selection': 'eager', 'write_json': 'True', 'log_cache_events': 'False', 'partial_parse': 'True', 'cache_selected_only': 'False', 'warn_error': 'None', 'fail_fast': 'False', 'debug': 'False', 'log_path': 'logs', 'version_check': 'True', 'profiles_dir': '/home/samson/.dbt', 'use_colors': 'True', 'use_experimental_parser': 'False', 'no_print': 'None', 'quiet': 'False', 'empty': 'None', 'warn_error_options': 'WarnErrorOptions(include=[], exclude=[])', 'introspect': 'True', 'invocation_command': 'dbt debug', 'static_parser': 'True', 'target_path': 'None', 'log_format': 'default', 'send_anonymous_usage_stats': 'True'}
[0m20:29:48.480641 [info ] [MainThread]: dbt version: 1.8.6
[0m20:29:48.481057 [info ] [MainThread]: python version: 3.10.14
[0m20:29:48.481384 [info ] [MainThread]: python path: /home/samson/anaconda3/envs/dbtBigQuery/bin/python
[0m20:29:48.481752 [info ] [MainThread]: os info: Linux-6.8.0-41-generic-x86_64-with-glibc2.39
[0m20:29:48.935398 [info ] [MainThread]: Using profiles dir at /home/samson/.dbt
[0m20:29:48.935883 [info ] [MainThread]: Using profiles.yml file at /home/samson/.dbt/profiles.yml
[0m20:29:48.936384 [info ] [MainThread]: Using dbt_project.yml file at /home/samson/Desktop/my_sandbox/Engineering/DBT/BigQuey/dbt_project.yml
[0m20:29:48.936856 [info ] [MainThread]: adapter type: bigquery
[0m20:29:48.937180 [info ] [MainThread]: adapter version: 1.8.2
[0m20:29:48.937545 [info ] [MainThread]: Configuration:
[0m20:29:48.937891 [info ] [MainThread]:   profiles.yml file [[32mOK found and valid[0m]
[0m20:29:48.938210 [info ] [MainThread]:   dbt_project.yml file [[31mERROR not found[0m]
[0m20:29:48.938553 [info ] [MainThread]: Required dependencies:
[0m20:29:48.938911 [debug] [MainThread]: Executing "git --help"
[0m20:29:48.940404 [debug] [MainThread]: STDOUT: "b"usage: git [-v | --version] [-h | --help] [-C <path>] [-c <name>=<value>]\n           [--exec-path[=<path>]] [--html-path] [--man-path] [--info-path]\n           [-p | --paginate | -P | --no-pager] [--no-replace-objects] [--bare]\n           [--git-dir=<path>] [--work-tree=<path>] [--namespace=<name>]\n           [--config-env=<name>=<envvar>] <command> [<args>]\n\nThese are common Git commands used in various situations:\n\nstart a working area (see also: git help tutorial)\n   clone     Clone a repository into a new directory\n   init      Create an empty Git repository or reinitialize an existing one\n\nwork on the current change (see also: git help everyday)\n   add       Add file contents to the index\n   mv        Move or rename a file, a directory, or a symlink\n   restore   Restore working tree files\n   rm        Remove files from the working tree and from the index\n\nexamine the history and state (see also: git help revisions)\n   bisect    Use binary search to find the commit that introduced a bug\n   diff      Show changes between commits, commit and working tree, etc\n   grep      Print lines matching a pattern\n   log       Show commit logs\n   show      Show various types of objects\n   status    Show the working tree status\n\ngrow, mark and tweak your common history\n   branch    List, create, or delete branches\n   commit    Record changes to the repository\n   merge     Join two or more development histories together\n   rebase    Reapply commits on top of another base tip\n   reset     Reset current HEAD to the specified state\n   switch    Switch branches\n   tag       Create, list, delete or verify a tag object signed with GPG\n\ncollaborate (see also: git help workflows)\n   fetch     Download objects and refs from another repository\n   pull      Fetch from and integrate with another repository or a local branch\n   push      Update remote refs along with associated objects\n\n'git help -a' and 'git help -g' list available subcommands and some\nconcept guides. See 'git help <command>' or 'git help <concept>'\nto read about a specific subcommand or concept.\nSee 'git help git' for an overview of the system.\n""
[0m20:29:48.940837 [debug] [MainThread]: STDERR: "b''"
[0m20:29:48.941148 [info ] [MainThread]:  - git [[32mOK found[0m]

[0m20:29:48.941567 [info ] [MainThread]: Connection:
[0m20:29:48.941968 [info ] [MainThread]:   method: oauth
[0m20:29:48.942288 [info ] [MainThread]:   database: inner-arch-277522
[0m20:29:48.942679 [info ] [MainThread]:   execution_project: inner-arch-277522
[0m20:29:48.943013 [info ] [MainThread]:   schema: dbt_northwind
[0m20:29:48.943327 [info ] [MainThread]:   location: US
[0m20:29:48.943679 [info ] [MainThread]:   priority: interactive
[0m20:29:48.943992 [info ] [MainThread]:   maximum_bytes_billed: None
[0m20:29:48.944304 [info ] [MainThread]:   impersonate_service_account: None
[0m20:29:48.944623 [info ] [MainThread]:   job_retry_deadline_seconds: None
[0m20:29:48.944935 [info ] [MainThread]:   job_retries: 1
[0m20:29:48.945246 [info ] [MainThread]:   job_creation_timeout_seconds: None
[0m20:29:48.945556 [info ] [MainThread]:   job_execution_timeout_seconds: 300
[0m20:29:48.945951 [info ] [MainThread]:   timeout_seconds: 300
[0m20:29:48.946392 [info ] [MainThread]:   client_id: None
[0m20:29:48.946879 [info ] [MainThread]:   token_uri: None
[0m20:29:48.947276 [info ] [MainThread]:   dataproc_region: None
[0m20:29:48.947637 [info ] [MainThread]:   dataproc_cluster_name: None
[0m20:29:48.948015 [info ] [MainThread]:   gcs_bucket: None
[0m20:29:48.948334 [info ] [MainThread]:   dataproc_batch: None
[0m20:29:48.948783 [info ] [MainThread]: Registered adapter: bigquery=1.8.2
[0m20:29:48.950084 [debug] [MainThread]: Acquiring new bigquery connection 'debug'
[0m20:29:48.950546 [debug] [MainThread]: Opening a new connection, currently in state init
[0m20:30:00.996994 [debug] [MainThread]: BigQuery adapter: Got an error when attempting to create a bigquery client: 'Runtime Error
  Failed to authenticate with supplied credentials
  error:
  Your default credentials were not found. To set up Application Default Credentials, see https://cloud.google.com/docs/authentication/external/set-up-adc for more information.'
[0m20:30:00.997508 [info ] [MainThread]:   Connection test: [[31mERROR[0m]

[0m20:30:00.997930 [info ] [MainThread]: [31m2 checks failed:[0m
[0m20:30:00.998249 [info ] [MainThread]: Project loading failed for the following reason:
 project path </home/samson/Desktop/my_sandbox/Engineering/DBT/BigQuey/dbt_project.yml> not found

[0m20:30:00.998579 [info ] [MainThread]: dbt was unable to connect to the specified database.
The database returned the following error:

  >Database Error
  Runtime Error
    Failed to authenticate with supplied credentials
    error:
    Your default credentials were not found. To set up Application Default Credentials, see https://cloud.google.com/docs/authentication/external/set-up-adc for more information.

Check your database credentials and try again. For more information, visit:
https://docs.getdbt.com/docs/configure-your-profile


[0m20:30:00.999289 [debug] [MainThread]: Resource report: {"command_name": "debug", "command_wall_clock_time": 12.570408, "process_user_time": 1.86534, "process_kernel_time": 0.101474, "process_mem_max_rss": "196164", "process_out_blocks": "32", "command_success": false, "process_in_blocks": "0"}
[0m20:30:00.999771 [debug] [MainThread]: Command `dbt debug` failed at 20:30:00.999688 after 12.57 seconds
[0m20:30:01.000106 [debug] [MainThread]: Connection 'debug' was properly closed.
[0m20:30:01.000441 [debug] [MainThread]: Sending event: {'category': 'dbt', 'action': 'invocation', 'label': 'end', 'context': [<snowplow_tracker.self_describing_json.SelfDescribingJson object at 0x7dd52ab7ac50>, <snowplow_tracker.self_describing_json.SelfDescribingJson object at 0x7dd50677bca0>, <snowplow_tracker.self_describing_json.SelfDescribingJson object at 0x7dd506778040>]}
[0m20:30:01.000926 [debug] [MainThread]: Flushing usage events
[0m04:57:12.577842 [debug] [MainThread]: Sending event: {'category': 'dbt', 'action': 'invocation', 'label': 'start', 'context': [<snowplow_tracker.self_describing_json.SelfDescribingJson object at 0x769c1d08ec50>, <snowplow_tracker.self_describing_json.SelfDescribingJson object at 0x769c1b77dab0>, <snowplow_tracker.self_describing_json.SelfDescribingJson object at 0x769c1b77da50>]}


============================== 04:57:12.579800 | 2684804b-2bdb-41fd-968d-0416ffa2f795 ==============================
[0m04:57:12.579800 [info ] [MainThread]: Running with dbt=1.8.6
[0m04:57:12.580259 [debug] [MainThread]: running dbt with arguments {'printer_width': '80', 'indirect_selection': 'eager', 'write_json': 'True', 'log_cache_events': 'False', 'partial_parse': 'True', 'cache_selected_only': 'False', 'profiles_dir': '/home/samson/.dbt', 'debug': 'False', 'version_check': 'True', 'log_path': 'logs', 'warn_error': 'None', 'fail_fast': 'False', 'use_colors': 'True', 'use_experimental_parser': 'False', 'no_print': 'None', 'quiet': 'False', 'empty': 'None', 'log_format': 'default', 'static_parser': 'True', 'introspect': 'True', 'invocation_command': 'dbt debug', 'target_path': 'None', 'warn_error_options': 'WarnErrorOptions(include=[], exclude=[])', 'send_anonymous_usage_stats': 'True'}
[0m04:57:12.586144 [info ] [MainThread]: dbt version: 1.8.6
[0m04:57:12.586523 [info ] [MainThread]: python version: 3.10.14
[0m04:57:12.586853 [info ] [MainThread]: python path: /home/samson/anaconda3/envs/dbtBigQuery/bin/python
[0m04:57:12.587171 [info ] [MainThread]: os info: Linux-6.8.0-41-generic-x86_64-with-glibc2.39
[0m04:57:13.028164 [info ] [MainThread]: Using profiles dir at /home/samson/.dbt
[0m04:57:13.028619 [info ] [MainThread]: Using profiles.yml file at /home/samson/.dbt/profiles.yml
[0m04:57:13.028954 [info ] [MainThread]: Using dbt_project.yml file at /home/samson/Desktop/my_sandbox/Engineering/DBT/BigQuey/dbt_project.yml
[0m04:57:13.029294 [info ] [MainThread]: adapter type: bigquery
[0m04:57:13.029620 [info ] [MainThread]: adapter version: 1.8.2
[0m04:57:13.029949 [info ] [MainThread]: Configuration:
[0m04:57:13.030267 [info ] [MainThread]:   profiles.yml file [[32mOK found and valid[0m]
[0m04:57:13.030589 [info ] [MainThread]:   dbt_project.yml file [[31mERROR not found[0m]
[0m04:57:13.030905 [info ] [MainThread]: Required dependencies:
[0m04:57:13.031236 [debug] [MainThread]: Executing "git --help"
[0m04:57:13.032641 [debug] [MainThread]: STDOUT: "b"usage: git [-v | --version] [-h | --help] [-C <path>] [-c <name>=<value>]\n           [--exec-path[=<path>]] [--html-path] [--man-path] [--info-path]\n           [-p | --paginate | -P | --no-pager] [--no-replace-objects] [--bare]\n           [--git-dir=<path>] [--work-tree=<path>] [--namespace=<name>]\n           [--config-env=<name>=<envvar>] <command> [<args>]\n\nThese are common Git commands used in various situations:\n\nstart a working area (see also: git help tutorial)\n   clone     Clone a repository into a new directory\n   init      Create an empty Git repository or reinitialize an existing one\n\nwork on the current change (see also: git help everyday)\n   add       Add file contents to the index\n   mv        Move or rename a file, a directory, or a symlink\n   restore   Restore working tree files\n   rm        Remove files from the working tree and from the index\n\nexamine the history and state (see also: git help revisions)\n   bisect    Use binary search to find the commit that introduced a bug\n   diff      Show changes between commits, commit and working tree, etc\n   grep      Print lines matching a pattern\n   log       Show commit logs\n   show      Show various types of objects\n   status    Show the working tree status\n\ngrow, mark and tweak your common history\n   branch    List, create, or delete branches\n   commit    Record changes to the repository\n   merge     Join two or more development histories together\n   rebase    Reapply commits on top of another base tip\n   reset     Reset current HEAD to the specified state\n   switch    Switch branches\n   tag       Create, list, delete or verify a tag object signed with GPG\n\ncollaborate (see also: git help workflows)\n   fetch     Download objects and refs from another repository\n   pull      Fetch from and integrate with another repository or a local branch\n   push      Update remote refs along with associated objects\n\n'git help -a' and 'git help -g' list available subcommands and some\nconcept guides. See 'git help <command>' or 'git help <concept>'\nto read about a specific subcommand or concept.\nSee 'git help git' for an overview of the system.\n""
[0m04:57:13.033029 [debug] [MainThread]: STDERR: "b''"
[0m04:57:13.033336 [info ] [MainThread]:  - git [[32mOK found[0m]

[0m04:57:13.033672 [info ] [MainThread]: Connection:
[0m04:57:13.034012 [info ] [MainThread]:   method: oauth
[0m04:57:13.034331 [info ] [MainThread]:   database: inner-arch-277522
[0m04:57:13.034688 [info ] [MainThread]:   execution_project: inner-arch-277522
[0m04:57:13.035003 [info ] [MainThread]:   schema: dbt_northwind
[0m04:57:13.035315 [info ] [MainThread]:   location: US
[0m04:57:13.035633 [info ] [MainThread]:   priority: interactive
[0m04:57:13.035943 [info ] [MainThread]:   maximum_bytes_billed: None
[0m04:57:13.036252 [info ] [MainThread]:   impersonate_service_account: None
[0m04:57:13.036560 [info ] [MainThread]:   job_retry_deadline_seconds: None
[0m04:57:13.036911 [info ] [MainThread]:   job_retries: 1
[0m04:57:13.037220 [info ] [MainThread]:   job_creation_timeout_seconds: None
[0m04:57:13.037527 [info ] [MainThread]:   job_execution_timeout_seconds: 300
[0m04:57:13.037863 [info ] [MainThread]:   timeout_seconds: 300
[0m04:57:13.038177 [info ] [MainThread]:   client_id: None
[0m04:57:13.038525 [info ] [MainThread]:   token_uri: None
[0m04:57:13.038935 [info ] [MainThread]:   dataproc_region: None
[0m04:57:13.039330 [info ] [MainThread]:   dataproc_cluster_name: None
[0m04:57:13.039739 [info ] [MainThread]:   gcs_bucket: None
[0m04:57:13.040178 [info ] [MainThread]:   dataproc_batch: None
[0m04:57:13.040798 [info ] [MainThread]: Registered adapter: bigquery=1.8.2
[0m04:57:13.042028 [debug] [MainThread]: Acquiring new bigquery connection 'debug'
[0m04:57:13.042393 [debug] [MainThread]: Opening a new connection, currently in state init
[0m04:57:13.382424 [debug] [MainThread]: On debug: select 1 as id
[0m04:57:14.519932 [debug] [MainThread]: BigQuery adapter: https://console.cloud.google.com/bigquery?project=inner-arch-277522&j=bq:US:e5943492-1342-43e8-9fd4-434f677d9123&page=queryresults
[0m04:57:14.914159 [info ] [MainThread]:   Connection test: [[32mOK connection ok[0m]

[0m04:57:14.916214 [info ] [MainThread]: [31m1 check failed:[0m
[0m04:57:14.917931 [info ] [MainThread]: Project loading failed for the following reason:
 project path </home/samson/Desktop/my_sandbox/Engineering/DBT/BigQuey/dbt_project.yml> not found

[0m04:57:14.921142 [debug] [MainThread]: Resource report: {"command_name": "debug", "command_wall_clock_time": 2.3843417, "process_user_time": 1.96956, "process_kernel_time": 0.120544, "process_mem_max_rss": "196756", "process_in_blocks": "2752", "process_out_blocks": "32", "command_success": false}
[0m04:57:14.923648 [debug] [MainThread]: Command `dbt debug` failed at 04:57:14.923181 after 2.39 seconds
[0m04:57:14.925392 [debug] [MainThread]: Connection 'debug' was properly closed.
[0m04:57:14.927170 [debug] [MainThread]: Sending event: {'category': 'dbt', 'action': 'invocation', 'label': 'end', 'context': [<snowplow_tracker.self_describing_json.SelfDescribingJson object at 0x769c1d08ec50>, <snowplow_tracker.self_describing_json.SelfDescribingJson object at 0x769bfd4f6f80>, <snowplow_tracker.self_describing_json.SelfDescribingJson object at 0x769bfcd408b0>]}
[0m04:57:14.929037 [debug] [MainThread]: Flushing usage events
